build/app/outputs/mapping/release/mapping.txt
# compiler: R8
# compiler_version: 3.3.70
# min_api: 21
# common_typos_disable
# {"id":"com.android.tools.r8.mapping","version":"2.0"}
# pg_map_id: f4fa6f3
# pg_map_hash: SHA-256 f4fa6f3c9f2638ea761098ca962e24c13dae121773bdf06945cb73f02cb032d1
...
kotlinx.coroutines.channels.AbstractChannel$enqueueReceiveInternal$$inlined$addLastIfPrevAndIf$1 -> w0.a$d:
    kotlinx.coroutines.channels.AbstractChannel this$0 -> e
    kotlinx.coroutines.internal.LockFreeLinkedListNode $node -> d
    java.lang.Object prepare(java.lang.Object) -> g
    java.lang.Object prepare(kotlinx.coroutines.internal.LockFreeLinkedListNode) -> i
kotlinx.coroutines.channels.AbstractChannelKt -> w0.b:
    kotlinx.coroutines.internal.Symbol EMPTY -> a
    kotlinx.coroutines.internal.Symbol POLL_FAILED -> d
    kotlinx.coroutines.internal.Symbol ENQUEUE_FAILED -> e
    kotlinx.coroutines.internal.Symbol OFFER_SUCCESS -> b
    kotlinx.coroutines.internal.Symbol OFFER_FAILED -> c
    kotlinx.coroutines.internal.Symbol HANDLER_INVOKED -> f
kotlinx.coroutines.channels.AbstractSendChannel -> w0.c:
    kotlinx.coroutines.internal.LockFreeLinkedListHead queue -> c
    java.util.concurrent.atomic.AtomicReferenceFieldUpdater onCloseHandler$FU -> d
    kotlin.jvm.functions.Function1 onUndeliveredElement -> b
    java.lang.Object trySend-JP2dKIU(java.lang.Object) -> a
    int countQueueSize() -> b
    java.lang.String getBufferDebugString() -> c
    kotlinx.coroutines.channels.Closed getClosedForSend() -> d
    kotlinx.coroutines.internal.LockFreeLinkedListHead getQueue() -> e
    java.lang.String getQueueDebugStateString() -> f
    void helpClose(kotlinx.coroutines.channels.Closed) -> g
    java.lang.Throwable helpCloseAndGetSendException(kotlinx.coroutines.channels.Closed) -> h
    java.lang.Object offerInternal(java.lang.Object) -> i
    void onClosedIdempotent(kotlinx.coroutines.internal.LockFreeLinkedListNode) -> j
    kotlinx.coroutines.channels.ReceiveOrClosed sendBuffered(java.lang.Object) -> k
    kotlinx.coroutines.channels.ReceiveOrClosed takeFirstReceiveOrPeekClosed() -> l
    kotlinx.coroutines.channels.Send takeFirstSendOrPeekClosed() -> m
kotlinx.coroutines.channels.AbstractSendChannel$SendBuffered -> w0.c$a:
    java.lang.Object element -> g
    kotlinx.coroutines.internal.Symbol tryResumeSend(kotlinx.coroutines.internal.LockFreeLinkedListNode$PrepareOp) -> A
    void completeResumeSend() -> y
    java.lang.Object getPollResult() -> z
kotlinx.coroutines.channels.ArrayChannel -> w0.d:
    kotlinx.coroutines.channels.BufferOverflow onBufferOverflow -> f
    int head -> i
    int capacity -> e
    java.util.concurrent.locks.ReentrantLock lock -> g
    java.lang.Object[] buffer -> h
    java.lang.String getBufferDebugString() -> c
    java.lang.Object offerInternal(java.lang.Object) -> i
    boolean enqueueReceiveInternal(kotlinx.coroutines.channels.Receive) -> q
    boolean isBufferAlwaysEmpty() -> r
    boolean isBufferEmpty() -> s
    java.lang.Object pollInternal() -> v
    void enqueueElement(int,java.lang.Object) -> x
    void ensureCapacity(int) -> y
    kotlinx.coroutines.internal.Symbol updateBufferSize(int) -> z
kotlinx.coroutines.channels.ArrayChannel$WhenMappings -> w0.d$a:
    int[] $EnumSwitchMapping$0 -> a
kotlinx.coroutines.channels.BufferOverflow -> w0.e:
    kotlinx.coroutines.channels.BufferOverflow DROP_LATEST -> f
    kotlinx.coroutines.channels.BufferOverflow DROP_OLDEST -> e
    kotlinx.coroutines.channels.BufferOverflow[] $VALUES -> g
    kotlinx.coroutines.channels.BufferOverflow SUSPEND -> d
    kotlinx.coroutines.channels.BufferOverflow[] $values() -> a
kotlinx.coroutines.channels.Channel -> w0.f:
    kotlinx.coroutines.channels.Channel$Factory Factory -> a
kotlinx.coroutines.channels.Channel$Factory -> w0.f$a:
    int CHANNEL_DEFAULT_CAPACITY -> b
    kotlinx.coroutines.channels.Channel$Factory $$INSTANCE -> a
    int getCHANNEL_DEFAULT_CAPACITY$kotlinx_coroutines_core() -> a
kotlinx.coroutines.channels.ChannelIterator -> w0.g:
    java.lang.Object hasNext(kotlin.coroutines.Continuation) -> a